2025-10-12 23:50:03,546 - INFO - === Regression Modeling Pipeline Started ===
2025-10-12 23:50:03,562 - INFO - Data loaded: shape (7183, 28)
2025-10-12 23:50:03,564 - INFO - Train/Test split: (5746, 27)/(1437, 27)
2025-10-12 23:50:03,564 - INFO - Training LinearRegression...
2025-10-13 19:51:24,653 - INFO - === Regression Modeling Pipeline Started ===
2025-10-13 19:51:24,678 - INFO - Data loaded: shape (7183, 28)
2025-10-13 19:51:24,683 - INFO - Train/Test split: (5746, 27)/(1437, 27)
2025-10-13 19:51:24,683 - INFO - Training LinearRegression...
2025-10-13 19:53:15,518 - INFO - === Regression Modeling Pipeline Started ===
2025-10-13 19:53:15,534 - INFO - Data loaded: shape (7183, 28)
2025-10-13 19:53:15,536 - INFO - Train/Test split: (5746, 27)/(1437, 27)
2025-10-13 19:53:15,545 - INFO - Training LinearRegression...
2025-10-13 19:55:15,545 - INFO - === Regression Modeling Pipeline Started ===
2025-10-13 19:55:15,561 - INFO - Data loaded: shape (7183, 28)
2025-10-13 19:55:15,563 - INFO - Train/Test split: (5746, 27)/(1437, 27)
2025-10-13 19:55:15,563 - INFO - Training LinearRegression...
2025-10-13 19:57:24,843 - INFO - === Regression Modeling Pipeline Started ===
2025-10-13 19:57:24,860 - INFO - Data loaded: shape (7183, 28)
2025-10-13 19:57:24,862 - INFO - Train/Test split: (5746, 27)/(1437, 27)
2025-10-13 19:57:24,862 - INFO - Training LinearRegression...
2025-10-13 20:04:28,668 - INFO - === Regression Modeling Pipeline Started ===
2025-10-13 20:04:28,685 - INFO - Data loaded: shape (7183, 28)
2025-10-13 20:04:28,687 - INFO - Train/Test split: (5746, 27)/(1437, 27)
2025-10-13 20:04:28,687 - INFO - Training LinearRegression...
2025-10-13 20:04:28,692 - INFO - LinearRegression - RMSE: 0.5029, R2: 0.9965
2025-10-13 20:04:28,692 - INFO - Training Ridge...
2025-10-13 20:04:28,696 - INFO - Ridge - RMSE: 0.5029, R2: 0.9965
2025-10-13 20:04:28,697 - INFO - Training Lasso...
2025-10-13 20:04:28,704 - INFO - Lasso - RMSE: 0.7142, R2: 0.9930
2025-10-13 20:04:28,704 - INFO - Training ElasticNet...
2025-10-13 20:04:28,714 - INFO - ElasticNet - RMSE: 0.6547, R2: 0.9941
2025-10-13 20:04:28,714 - INFO - Training DecisionTree...
2025-10-13 20:04:28,792 - INFO - DecisionTree - RMSE: 0.7005, R2: 0.9933
2025-10-13 20:04:28,792 - INFO - Training RandomForest...
2025-10-13 20:04:38,889 - INFO - RandomForest - RMSE: 0.4767, R2: 0.9969
2025-10-13 20:04:38,889 - INFO - Training GradientBoosting...
2025-10-13 20:04:42,120 - INFO - GradientBoosting - RMSE: 0.4718, R2: 0.9969
2025-10-13 20:04:42,120 - INFO - Training SVR...
2025-10-13 20:04:43,188 - INFO - SVR - RMSE: 2.2342, R2: 0.9315
2025-10-13 20:04:43,188 - INFO - Best model: GradientBoosting with R2=0.9969
2025-10-13 20:04:43,200 - INFO - Best model saved: C:\Users\sharg\Desktop\uyga vazifa\unsupervised learning\3-oy\final\Climate YEOSU\models\best_model\best_model.pkl
2025-10-13 20:04:43,200 - INFO - === Regression Modeling Pipeline Finished ===
