2025-10-12 15:03:03,911 - INFO - === Pipeline Started ===
2025-10-12 15:03:03,920 - INFO - Loaded year 2006 with shape (365, 17)
2025-10-12 15:03:03,930 - INFO - Loaded year 2007 with shape (365, 17)
2025-10-12 15:03:03,938 - INFO - Loaded year 2008 with shape (366, 17)
2025-10-12 15:03:03,947 - INFO - Loaded year 2009 with shape (365, 17)
2025-10-12 15:03:03,954 - INFO - Loaded year 2010 with shape (365, 17)
2025-10-12 15:03:03,961 - INFO - Loaded year 2011 with shape (365, 17)
2025-10-12 15:03:03,970 - INFO - Loaded year 2012 with shape (366, 17)
2025-10-12 15:03:03,976 - INFO - Loaded year 2013 with shape (365, 17)
2025-10-12 15:03:03,992 - INFO - Loaded year 2014 with shape (365, 17)
2025-10-12 15:03:03,999 - INFO - Loaded year 2015 with shape (365, 17)
2025-10-12 15:03:04,005 - INFO - Loaded year 2016 with shape (366, 17)
2025-10-12 15:03:04,011 - INFO - Loaded year 2017 with shape (365, 17)
2025-10-12 15:03:04,025 - INFO - Loaded year 2018 with shape (365, 17)
2025-10-12 15:03:04,038 - INFO - Loaded year 2019 with shape (365, 17)
2025-10-12 15:03:04,045 - INFO - Loaded year 2020 with shape (366, 17)
2025-10-12 15:03:04,053 - INFO - Loaded year 2021 with shape (365, 17)
2025-10-12 15:03:04,060 - INFO - Loaded year 2022 with shape (365, 17)
2025-10-12 15:03:04,066 - INFO - Loaded year 2023 with shape (365, 17)
2025-10-12 15:03:04,073 - INFO - Loaded year 2024 with shape (366, 17)
2025-10-12 15:03:04,082 - INFO - Loaded year 2025 with shape (243, 17)
2025-10-12 15:03:04,109 - INFO - Merged CSV saved at C:\Users\sharg\Desktop\uyga vazifa\unsupervised learning\3-oy\final\Climate YEOSU\data\processed\yeosu_daily_weather_all_years.csv
2025-10-12 15:03:04,109 - INFO - === Pipeline Finished ===
2025-10-12 21:02:38,852 - INFO - === YEOSU Weather Processing Pipeline Started ===
2025-10-12 21:02:38,854 - INFO - Loaded 2006: shape (365, 17)
2025-10-12 21:02:38,856 - INFO - Loaded 2007: shape (365, 17)
2025-10-12 21:02:38,858 - INFO - Loaded 2008: shape (366, 17)
2025-10-12 21:02:38,859 - INFO - Loaded 2009: shape (365, 17)
2025-10-12 21:02:38,861 - INFO - Loaded 2010: shape (365, 17)
2025-10-12 21:02:38,862 - INFO - Loaded 2011: shape (365, 17)
2025-10-12 21:02:38,864 - INFO - Loaded 2012: shape (366, 17)
2025-10-12 21:02:38,865 - INFO - Loaded 2013: shape (365, 17)
2025-10-12 21:02:38,866 - INFO - Loaded 2014: shape (365, 17)
2025-10-12 21:02:38,868 - INFO - Loaded 2015: shape (365, 17)
2025-10-12 21:02:38,869 - INFO - Loaded 2016: shape (366, 17)
2025-10-12 21:02:38,870 - INFO - Loaded 2017: shape (365, 17)
2025-10-12 21:02:38,871 - INFO - Loaded 2018: shape (365, 17)
2025-10-12 21:02:38,873 - INFO - Loaded 2019: shape (365, 17)
2025-10-12 21:02:38,875 - INFO - Loaded 2020: shape (366, 17)
2025-10-12 21:02:38,877 - INFO - Loaded 2021: shape (365, 17)
2025-10-12 21:02:38,878 - INFO - Loaded 2022: shape (365, 17)
2025-10-12 21:02:38,880 - INFO - Loaded 2023: shape (365, 17)
2025-10-12 21:02:38,881 - INFO - Loaded 2024: shape (366, 17)
2025-10-12 21:02:38,882 - INFO - Loaded 2025: shape (243, 17)
2025-10-12 21:02:38,906 - INFO - Processed data saved: C:\Users\sharg\Desktop\uyga vazifa\unsupervised learning\3-oy\final\Climate YEOSU\data\processed\yeosu_daily_weather_all_years.csv
2025-10-12 21:02:38,906 - INFO - Final dataset shape: (7183, 12)
2025-10-12 21:02:38,906 - INFO - === Pipeline Finished Successfully ===
